# JRE version: Java(TM) SE Runtime Environment (8.0_60-b27) (build 1.8.0_60-b27)
# Java VM: Java HotSpot(TM) 64-Bit Server VM (25.60-b23 mixed mode windows-amd64 compressed oops)
Heap:
 PSYoungGen      total 200192K, used 129902K [0x00000000eab00000, 0x0000000100000000, 0x0000000100000000)
  eden space 116736K, 48% used [0x00000000eab00000,0x00000000ee23dc20,0x00000000f1d00000)
  from space 83456K, 87% used [0x00000000fae80000,0x00000000ff61deb8,0x0000000100000000)
  to   space 116224K, 0% used [0x00000000f1d00000,0x00000000f1d00000,0x00000000f8e80000)
 ParOldGen       total 318976K, used 154046K [0x00000000c0000000, 0x00000000d3780000, 0x00000000eab00000)
  object space 318976K, 48% used [0x00000000c0000000,0x00000000c966fb00,0x00000000d3780000)
 Metaspace       used 6104K, capacity 7064K, committed 7424K, reserved 1056768K
  class space    used 608K, capacity 656K, committed 768K, reserved 1048576K
GC Heap History (10 events):
Event: 3.839 GC heap before
{Heap before GC invocations=7 (full 2):
 PSYoungGen      total 138240K, used 5103K [0x00000000eab00000, 0x00000000ff480000, 0x0000000100000000)
  eden space 133120K, 0% used [0x00000000eab00000,0x00000000eab00000,0x00000000f2d00000)
  from space 5120K, 99% used [0x00000000f2d00000,0x00000000f31fbce8,0x00000000f3200000)
  to   space 59904K, 0% used [0x00000000fba00000,0x00000000fba00000,0x00000000ff480000)
 ParOldGen       total 174592K, used 124472K [0x00000000c0000000, 0x00000000caa80000, 0x00000000eab00000)
  object space 174592K, 71% used [0x00000000c0000000,0x00000000c798e160,0x00000000caa80000)
 Metaspace       used 6019K, capacity 7000K, committed 7168K, reserved 1056768K
  class space    used 608K, capacity 656K, committed 768K, reserved 1048576K
Event: 4.125 GC heap after
Heap after GC invocations=7 (full 2):
 PSYoungGen      total 138240K, used 0K [0x00000000eab00000, 0x00000000ff480000, 0x0000000100000000)
  eden space 133120K, 0% used [0x00000000eab00000,0x00000000eab00000,0x00000000f2d00000)
  from space 5120K, 0% used [0x00000000f2d00000,0x00000000f2d00000,0x00000000f3200000)
  to   space 59904K, 0% used [0x00000000fba00000,0x00000000fba00000,0x00000000ff480000)
 ParOldGen       total 164864K, used 45978K [0x00000000c0000000, 0x00000000ca100000, 0x00000000eab00000)
  object space 164864K, 27% used [0x00000000c0000000,0x00000000c2ce6a60,0x00000000ca100000)
 Metaspace       used 6019K, capacity 7000K, committed 7168K, reserved 1056768K
  class space    used 608K, capacity 656K, committed 768K, reserved 1048576K
}
Event: 5.753 GC heap before
{Heap before GC invocations=8 (full 2):
 PSYoungGen      total 138240K, used 133120K [0x00000000eab00000, 0x00000000ff480000, 0x0000000100000000)
  eden space 133120K, 100% used [0x00000000eab00000,0x00000000f2d00000,0x00000000f2d00000)
  from space 5120K, 0% used [0x00000000f2d00000,0x00000000f2d00000,0x00000000f3200000)
  to   space 59904K, 0% used [0x00000000fba00000,0x00000000fba00000,0x00000000ff480000)
 ParOldGen       total 164864K, used 45978K [0x00000000c0000000, 0x00000000ca100000, 0x00000000eab00000)
  object space 164864K, 27% used [0x00000000c0000000,0x00000000c2ce6a60,0x00000000ca100000)
 Metaspace       used 6053K, capacity 7064K, committed 7424K, reserved 1056768K
  class space    used 608K, capacity 656K, committed 768K, reserved 1048576K
Event: 5.869 GC heap after
Heap after GC invocations=8 (full 2):
 PSYoungGen      total 253952K, used 46116K [0x00000000eab00000, 0x00000000fed00000, 0x0000000100000000)
  eden space 201728K, 0% used [0x00000000eab00000,0x00000000eab00000,0x00000000f7000000)
  from space 52224K, 88% used [0x00000000fba00000,0x00000000fe709310,0x00000000fed00000)
  to   space 64000K, 0% used [0x00000000f7000000,0x00000000f7000000,0x00000000fae80000)
 ParOldGen       total 164864K, used 45978K [0x00000000c0000000, 0x00000000ca100000, 0x00000000eab00000)
  object space 164864K, 27% used [0x00000000c0000000,0x00000000c2ce6a60,0x00000000ca100000)
 Metaspace       used 6053K, capacity 7064K, committed 7424K, reserved 1056768K
  class space    used 608K, capacity 656K, committed 768K, reserved 1048576K
}
Event: 6.314 GC heap before
{Heap before GC invocations=9 (full 2):
 PSYoungGen      total 253952K, used 247844K [0x00000000eab00000, 0x00000000fed00000, 0x0000000100000000)
  eden space 201728K, 100% used [0x00000000eab00000,0x00000000f7000000,0x00000000f7000000)
  from space 52224K, 88% used [0x00000000fba00000,0x00000000fe709310,0x00000000fed00000)
  to   space 64000K, 0% used [0x00000000f7000000,0x00000000f7000000,0x00000000fae80000)
 ParOldGen       total 164864K, used 45978K [0x00000000c0000000, 0x00000000ca100000, 0x00000000eab00000)
  object space 164864K, 27% used [0x00000000c0000000,0x00000000c2ce6a60,0x00000000ca100000)
 Metaspace       used 6055K, capacity 7064K, committed 7424K, reserved 1056768K
  class space    used 608K, capacity 656K, committed 768K, reserved 1048576K
Event: 6.535 GC heap after
Heap after GC invocations=9 (full 2):
 PSYoungGen      total 265728K, used 63995K [0x00000000eab00000, 0x0000000100000000, 0x0000000100000000)
  eden space 201728K, 0% used [0x00000000eab00000,0x00000000eab00000,0x00000000f7000000)
  from space 64000K, 99% used [0x00000000f7000000,0x00000000fae7eda8,0x00000000fae80000)
  to   space 83456K, 0% used [0x00000000fae80000,0x00000000fae80000,0x0000000100000000)
 ParOldGen       total 164864K, used 139250K [0x00000000c0000000, 0x00000000ca100000, 0x00000000eab00000)
  object space 164864K, 84% used [0x00000000c0000000,0x00000000c87fc9d8,0x00000000ca100000)
 Metaspace       used 6055K, capacity 7064K, committed 7424K, reserved 1056768K
  class space    used 608K, capacity 656K, committed 768K, reserved 1048576K
}
Event: 6.535 GC heap before
{Heap before GC invocations=10 (full 3):
 PSYoungGen      total 265728K, used 63995K [0x00000000eab00000, 0x0000000100000000, 0x0000000100000000)
  eden space 201728K, 0% used [0x00000000eab00000,0x00000000eab00000,0x00000000f7000000)
  from space 64000K, 99% used [0x00000000f7000000,0x00000000fae7eda8,0x00000000fae80000)
  to   space 83456K, 0% used [0x00000000fae80000,0x00000000fae80000,0x0000000100000000)
 ParOldGen       total 164864K, used 139250K [0x00000000c0000000, 0x00000000ca100000, 0x00000000eab00000)
  object space 164864K, 84% used [0x00000000c0000000,0x00000000c87fc9d8,0x00000000ca100000)
 Metaspace       used 6055K, capacity 7064K, committed 7424K, reserved 1056768K
  class space    used 608K, capacity 656K, committed 768K, reserved 1048576K
Event: 7.419 GC heap after
Heap after GC invocations=10 (full 3):
 PSYoungGen      total 265728K, used 0K [0x00000000eab00000, 0x0000000100000000, 0x0000000100000000)
  eden space 201728K, 0% used [0x00000000eab00000,0x00000000eab00000,0x00000000f7000000)
  from space 64000K, 0% used [0x00000000f7000000,0x00000000f7000000,0x00000000fae80000)
  to   space 83456K, 0% used [0x00000000fae80000,0x00000000fae80000,0x0000000100000000)
 ParOldGen       total 318976K, used 154046K [0x00000000c0000000, 0x00000000d3780000, 0x00000000eab00000)
  object space 318976K, 48% used [0x00000000c0000000,0x00000000c966fb00,0x00000000d3780000)
 Metaspace       used 6055K, capacity 7064K, committed 7424K, reserved 1056768K
  class space    used 608K, capacity 656K, committed 768K, reserved 1048576K
}
Event: 8.314 GC heap before
{Heap before GC invocations=11 (full 3):
 PSYoungGen      total 265728K, used 201728K [0x00000000eab00000, 0x0000000100000000, 0x0000000100000000)
  eden space 201728K, 100% used [0x00000000eab00000,0x00000000f7000000,0x00000000f7000000)
  from space 64000K, 0% used [0x00000000f7000000,0x00000000f7000000,0x00000000fae80000)
  to   space 83456K, 0% used [0x00000000fae80000,0x00000000fae80000,0x0000000100000000)
 ParOldGen       total 318976K, used 154046K [0x00000000c0000000, 0x00000000d3780000, 0x00000000eab00000)
  object space 318976K, 48% used [0x00000000c0000000,0x00000000c966fb00,0x00000000d3780000)
 Metaspace       used 6104K, capacity 7064K, committed 7424K, reserved 1056768K
  class space    used 608K, capacity 656K, committed 768K, reserved 1048576K
Event: 8.609 GC heap after
Heap after GC invocations=11 (full 3):
 PSYoungGen      total 200192K, used 73335K [0x00000000eab00000, 0x0000000100000000, 0x0000000100000000)
  eden space 116736K, 0% used [0x00000000eab00000,0x00000000eab00000,0x00000000f1d00000)
  from space 83456K, 87% used [0x00000000fae80000,0x00000000ff61deb8,0x0000000100000000)
  to   space 116224K, 0% used [0x00000000f1d00000,0x00000000f1d00000,0x00000000f8e80000)
 ParOldGen       total 318976K, used 154046K [0x00000000c0000000, 0x00000000d3780000, 0x00000000eab00000)
  object space 318976K, 48% used [0x00000000c0000000,0x00000000c966fb00,0x00000000d3780000)
 Metaspace       used 6104K, capacity 7064K, committed 7424K, reserved 1056768K
  class space    used 608K, capacity 656K, committed 768K, reserved 1048576K
}

